<?xml version="1.0" encoding="UTF-8"?>
<!-- Generated by org.testng.reporters.JUnitReportReporter -->
<testsuite hostname="SILICUS524" failures="0" tests="1" name="demoMavenProject2.NavigationBar" time="116.272" errors="0" timestamp="2020-05-14T21:27:20 IST" skipped="0">
  <testcase classname="demoMavenProject2.NavigationBar" name="Test11_testORDER_HISTORY_Page" time="116.272"/>
  <system-out/>
</testsuite> <!-- demoMavenProject2.NavigationBar -->
