<?xml version="1.0" encoding="UTF-8"?>
<!-- Generated by org.testng.reporters.JUnitReportReporter -->
<testsuite hostname="SILICUS524" failures="0" tests="2" name="demoMavenProject2.HomePage_2_rearranged" time="50.481" errors="0" timestamp="2020-05-14T00:01:41 IST" skipped="0">
  <testcase classname="demoMavenProject2.HomePage_2_rearranged" name="Test2_useSearchFunctionality" time="28.392"/>
  <system-out/>
  <testcase classname="demoMavenProject2.HomePage_2_rearranged" name="Test3_unOrderedList" time="22.089"/>
  <system-out/>
</testsuite> <!-- demoMavenProject2.HomePage_2_rearranged -->
