<?xml version="1.0" encoding="UTF-8"?>
<!-- Generated by org.testng.reporters.JUnitReportReporter -->
<testsuite hostname="SILICUS524" failures="0" tests="2" name="demoMavenProject2.Searchfunctionality" time="146.680" errors="0" timestamp="2020-05-14T21:27:20 IST" skipped="1">
  <testcase classname="demoMavenProject2.Searchfunctionality" name="Test11_testORDER_HISTORY_Page" time="146.680"/>
  <system-out/>
  <testcase classname="demoMavenProject2.Searchfunctionality" name="Test4_AddtoCartSearchedProductsFromNewTab">
    <skipped/>
  </testcase> <!-- Test4_AddtoCartSearchedProductsFromNewTab -->
  <system-out/>
</testsuite> <!-- demoMavenProject2.Searchfunctionality -->
