<?xml version="1.0" encoding="UTF-8"?>
<!-- Generated by org.testng.reporters.JUnitReportReporter -->
<testsuite hostname="SILICUS524" failures="0" tests="2" name="demoMavenProject2.NaigationBar" time="59.734" errors="0" timestamp="2020-05-14T08:54:25 IST" skipped="0">
  <testcase classname="demoMavenProject2.NaigationBar" name="Test3_unOrderedList" time="20.955"/>
  <system-out/>
  <testcase classname="demoMavenProject2.NaigationBar" name="Tes4_unOrderedList" time="38.779"/>
  <system-out/>
</testsuite> <!-- demoMavenProject2.NaigationBar -->
